
ps2ip_IMPORTS_start
I_tcpip_input
I_netif_add
I_pbuf_alloc
I_pbuf_free
I_pbuf_header
ps2ip_IMPORTS_end

thbase_IMPORTS_start
I_CreateThread
I_DelayThread
I_StartThread
thbase_IMPORTS_end

thsemap_IMPORTS_start
I_CreateSema
I_DeleteSema
I_SignalSema
I_WaitSema
thsemap_IMPORTS_end

stdio_IMPORTS_start
I_printf
stdio_IMPORTS_end

usbd_IMPORTS_start
I_sceUsbdOpenPipe
I_sceUsbdOpenPipeAligned
I_sceUsbdRegisterLdd
I_sceUsbdScanStaticDescriptor
I_sceUsbdTransferPipe
usbd_IMPORTS_end

sysclib_IMPORTS_start
I_bcmp
I_bcopy
I_strcpy
I_strlen
I_memcmp
I_memmove
sysclib_IMPORTS_end
